This file contains any messages produced by compilers while
running configure, to aid debugging if configure makes a mistake.

It was created by FirstC configure 0,0,1, which was
generated by GNU Autoconf 2.71.  Invocation command line was

  $ ../configure

## --------- ##
## Platform. ##
## --------- ##

hostname = rufens-Air
uname -m = arm64
uname -r = 21.6.0
uname -s = Darwin
uname -v = Darwin Kernel Version 21.6.0: Sat Jun 18 17:07:28 PDT 2022; root:xnu-8020.140.41~1/RELEASE_ARM64_T8110

/usr/bin/uname -p = arm
/bin/uname -X     = unknown

/bin/arch              = unknown
/usr/bin/arch -k       = unknown
/usr/convex/getsysinfo = unknown
/usr/bin/hostinfo      = Mach kernel version:
	 Darwin Kernel Version 21.6.0: Sat Jun 18 17:07:28 PDT 2022; root:xnu-8020.140.41~1/RELEASE_ARM64_T8110
Kernel configured for up to 8 processors.
8 processors are physically available.
8 processors are logically available.
Processor type: arm64e (ARM64E)
Processors active: 0 1 2 3 4 5 6 7
Primary memory available: 8.00 gigabytes
Default processor set: 352 tasks, 1996 threads, 8 processors
Load average: 10.06, Mach factor: 0.72
/bin/machine           = unknown
/usr/bin/oslevel       = unknown
/bin/universe          = unknown

PATH: /Users/rufen/opt/anaconda3/bin/
PATH: /Users/rufen/opt/anaconda3/condabin/
PATH: /opt/homebrew/bin/
PATH: /opt/homebrew/sbin/
PATH: /Library/Frameworks/Python.framework/Versions/3.11/bin/
PATH: /usr/local/bin/
PATH: /usr/bin/
PATH: /bin/
PATH: /usr/sbin/
PATH: /sbin/


## ----------- ##
## Core tests. ##
## ----------- ##

configure:2095: looking for aux files: compile missing install-sh
configure:2108:  trying ../
configure:2137:   ../compile found
configure:2137:   ../missing found
configure:2119:   ../install-sh found
configure:2269: checking for a BSD-compatible install
configure:2342: result: /usr/bin/install -c
configure:2353: checking whether build environment is sane
configure:2408: result: yes
configure:2567: checking for a race-free mkdir -p
configure:2611: result: ../install-sh -c -d
configure:2618: checking for gawk
configure:2653: result: no
configure:2618: checking for mawk
configure:2653: result: no
configure:2618: checking for nawk
configure:2653: result: no
configure:2618: checking for awk
configure:2639: found /usr/bin/awk
configure:2650: result: awk
configure:2661: checking whether make sets $(MAKE)
configure:2684: result: yes
configure:2714: checking whether make supports nested variables
configure:2732: result: yes
configure:2931: checking for gcc
configure:2952: found /usr/bin/gcc
configure:2963: result: gcc
configure:3316: checking for C compiler version
configure:3325: gcc --version >&5
Apple clang version 14.0.0 (clang-1400.0.29.202)
Target: arm64-apple-darwin21.6.0
Thread model: posix
InstalledDir: /Library/Developer/CommandLineTools/usr/bin
configure:3336: $? = 0
configure:3325: gcc -v >&5
Apple clang version 14.0.0 (clang-1400.0.29.202)
Target: arm64-apple-darwin21.6.0
Thread model: posix
InstalledDir: /Library/Developer/CommandLineTools/usr/bin
configure:3336: $? = 0
configure:3325: gcc -V >&5
clang: error: argument to '-V' is missing (expected 1 value)
clang: error: no input files
configure:3336: $? = 1
configure:3325: gcc -qversion >&5
clang: error: unknown argument '-qversion'; did you mean '--version'?
clang: error: no input files
configure:3336: $? = 1
configure:3325: gcc -version >&5
clang: error: unknown argument '-version'; did you mean '--version'?
clang: error: no input files
configure:3336: $? = 1
configure:3356: checking whether the C compiler works
configure:3378: gcc    conftest.c  >&5
configure:3382: $? = 0
configure:3432: result: yes
configure:3435: checking for C compiler default output file name
configure:3437: result: a.out
configure:3443: checking for suffix of executables
configure:3450: gcc -o conftest    conftest.c  >&5
configure:3454: $? = 0
configure:3477: result: 
configure:3499: checking whether we are cross compiling
configure:3507: gcc -o conftest    conftest.c  >&5
configure:3511: $? = 0
configure:3518: ./conftest
configure:3522: $? = 0
configure:3537: result: no
configure:3542: checking for suffix of object files
configure:3565: gcc -c   conftest.c >&5
configure:3569: $? = 0
configure:3591: result: o
configure:3595: checking whether the compiler supports GNU C
configure:3615: gcc -c   conftest.c >&5
configure:3615: $? = 0
configure:3625: result: yes
configure:3636: checking whether gcc accepts -g
configure:3657: gcc -c -g  conftest.c >&5
configure:3657: $? = 0
configure:3701: result: yes
configure:3721: checking for gcc option to enable C11 features
configure:3736: gcc  -c -g -O2  conftest.c >&5
configure:3736: $? = 0
configure:3754: result: none needed
configure:3870: checking whether gcc understands -c and -o together
configure:3893: gcc -c conftest.c -o conftest2.o
configure:3896: $? = 0
configure:3893: gcc -c conftest.c -o conftest2.o
configure:3896: $? = 0
configure:3908: result: yes
configure:3928: checking whether make supports the include directive
configure:3943: make -f confmf.GNU && cat confinc.out
this is the am__doit target
configure:3946: $? = 0
configure:3965: result: yes (GNU style)
configure:3991: checking dependency style of gcc
configure:4103: result: gcc3
configure:4238: checking that generated files are newer than configure
configure:4244: result: done
configure:4267: creating ./config.status

## ---------------------- ##
## Running config.status. ##
## ---------------------- ##

This file was extended by FirstC config.status 0,0,1, which was
generated by GNU Autoconf 2.71.  Invocation command line was

  CONFIG_FILES    = 
  CONFIG_HEADERS  = 
  CONFIG_LINKS    = 
  CONFIG_COMMANDS = 
  $ ./config.status 

on rufens-Air

config.status:836: creating Makefile
config.status:836: creating config.h
config.status:1002: config.h is unchanged
config.status:1050: executing depfiles commands
config.status:1127: cd .       && sed -e '/# am--include-marker/d' Makefile         | make -f - am--depfiles
make: Nothing to be done for `am--depfiles'.
config.status:1132: $? = 0

## ---------------- ##
## Cache variables. ##
## ---------------- ##

ac_cv_c_compiler_gnu=yes
ac_cv_env_CC_set=
ac_cv_env_CC_value=
ac_cv_env_CFLAGS_set=
ac_cv_env_CFLAGS_value=
ac_cv_env_CPPFLAGS_set=
ac_cv_env_CPPFLAGS_value=
ac_cv_env_LDFLAGS_set=
ac_cv_env_LDFLAGS_value=
ac_cv_env_LIBS_set=
ac_cv_env_LIBS_value=
ac_cv_env_build_alias_set=
ac_cv_env_build_alias_value=
ac_cv_env_host_alias_set=
ac_cv_env_host_alias_value=
ac_cv_env_target_alias_set=
ac_cv_env_target_alias_value=
ac_cv_objext=o
ac_cv_path_install='/usr/bin/install -c'
ac_cv_prog_AWK=awk
ac_cv_prog_ac_ct_CC=gcc
ac_cv_prog_cc_c11=
ac_cv_prog_cc_g=yes
ac_cv_prog_cc_stdc=
ac_cv_prog_make_make_set=yes
am_cv_CC_dependencies_compiler_type=gcc3
am_cv_make_support_nested_variables=yes
am_cv_prog_cc_c_o=yes

## ----------------- ##
## Output variables. ##
## ----------------- ##

ACLOCAL='${SHELL} '\''/Users/rufen/bst2/missing'\'' aclocal-1.16'
AMDEPBACKSLASH='\'
AMDEP_FALSE='#'
AMDEP_TRUE=''
AMTAR='$${TAR-tar}'
AM_BACKSLASH='\'
AM_DEFAULT_V='$(AM_DEFAULT_VERBOSITY)'
AM_DEFAULT_VERBOSITY='1'
AM_V='$(V)'
AUTOCONF='${SHELL} '\''/Users/rufen/bst2/missing'\'' autoconf'
AUTOHEADER='${SHELL} '\''/Users/rufen/bst2/missing'\'' autoheader'
AUTOMAKE='${SHELL} '\''/Users/rufen/bst2/missing'\'' automake-1.16'
AWK='awk'
CC='gcc'
CCDEPMODE='depmode=gcc3'
CFLAGS='-g -O2'
CPPFLAGS=''
CSCOPE='cscope'
CTAGS='ctags'
CYGPATH_W='echo'
DEFS='-DHAVE_CONFIG_H'
DEPDIR='.deps'
ECHO_C='\c'
ECHO_N=''
ECHO_T=''
ETAGS='etags'
EXEEXT=''
INSTALL_DATA='${INSTALL} -m 644'
INSTALL_PROGRAM='${INSTALL}'
INSTALL_SCRIPT='${INSTALL}'
INSTALL_STRIP_PROGRAM='$(install_sh) -c -s'
LDFLAGS=''
LIBOBJS=''
LIBS=''
LTLIBOBJS=''
MAKEINFO='${SHELL} '\''/Users/rufen/bst2/missing'\'' makeinfo'
MKDIR_P='../install-sh -c -d'
OBJEXT='o'
PACKAGE='firstc'
PACKAGE_BUGREPORT=''
PACKAGE_NAME='FirstC'
PACKAGE_STRING='FirstC 0,0,1'
PACKAGE_TARNAME='firstc'
PACKAGE_URL=''
PACKAGE_VERSION='0,0,1'
PATH_SEPARATOR=':'
SET_MAKE=''
SHELL='/bin/sh'
STRIP=''
VERSION='0,0,1'
ac_ct_CC='gcc'
am__EXEEXT_FALSE=''
am__EXEEXT_TRUE='#'
am__fastdepCC_FALSE='#'
am__fastdepCC_TRUE=''
am__include='include'
am__isrc=' -I$(srcdir)'
am__leading_dot='.'
am__nodep='_no'
am__quote=''
am__tar='$${TAR-tar} chof - "$$tardir"'
am__untar='$${TAR-tar} xf -'
bindir='${exec_prefix}/bin'
build_alias=''
datadir='${datarootdir}'
datarootdir='${prefix}/share'
docdir='${datarootdir}/doc/${PACKAGE_TARNAME}'
dvidir='${docdir}'
exec_prefix='${prefix}'
host_alias=''
htmldir='${docdir}'
includedir='${prefix}/include'
infodir='${datarootdir}/info'
install_sh='${SHELL} /Users/rufen/bst2/install-sh'
libdir='${exec_prefix}/lib'
libexecdir='${exec_prefix}/libexec'
localedir='${datarootdir}/locale'
localstatedir='${prefix}/var'
mandir='${datarootdir}/man'
mkdir_p='$(MKDIR_P)'
oldincludedir='/usr/include'
pdfdir='${docdir}'
prefix='/usr/local'
program_transform_name='s,x,x,'
psdir='${docdir}'
runstatedir='${localstatedir}/run'
sbindir='${exec_prefix}/sbin'
sharedstatedir='${prefix}/com'
sysconfdir='${prefix}/etc'
target_alias=''

## ----------- ##
## confdefs.h. ##
## ----------- ##

/* confdefs.h */
#define PACKAGE_NAME "FirstC"
#define PACKAGE_TARNAME "firstc"
#define PACKAGE_VERSION "0,0,1"
#define PACKAGE_STRING "FirstC 0,0,1"
#define PACKAGE_BUGREPORT ""
#define PACKAGE_URL ""
#define PACKAGE "firstc"
#define VERSION "0,0,1"

configure: exit 0
